<?xml version="1.0" encoding="UTF-8"?>
<testsuite name="org.example.springboot.web.dto.HelloResponseDtoTest" tests="1" skipped="0" failures="0" errors="0" timestamp="2021-09-30T14:42:36" hostname="DESKTOP-GJ09IO2" time="0.031">
  <properties/>
  <testcase name="롬봄_기눙_테스트" classname="org.example.springboot.web.dto.HelloResponseDtoTest" time="0.031"/>
  <system-out><![CDATA[]]></system-out>
  <system-err><![CDATA[]]></system-err>
</testsuite>
