<?xml version="1.0" encoding="UTF-8"?>
<testsuite name="org.example.springboot.web.HelloControllerTest" tests="2" skipped="0" failures="0" errors="0" timestamp="2021-09-30T14:42:41" hostname="DESKTOP-GJ09IO2" time="0.987">
  <properties/>
  <testcase name="hello가_리턴된다" classname="org.example.springboot.web.HelloControllerTest" time="0.39"/>
  <testcase name="helloDto가_리턴된다" classname="org.example.springboot.web.HelloControllerTest" time="0.596"/>
  <system-out><![CDATA[2021-09-30 23:42:36.108  INFO 25176 --- [    Test worker] .b.t.a.w.s.WebMvcTestContextBootstrapper : Neither @ContextConfiguration nor @ContextHierarchy found for test class [org.example.springboot.web.HelloControllerTest], using SpringBootContextLoader
2021-09-30 23:42:36.112  INFO 25176 --- [    Test worker] o.s.t.c.support.AbstractContextLoader    : Could not detect default resource locations for test class [org.example.springboot.web.HelloControllerTest]: no resource found for suffixes {-context.xml, Context.groovy}.
2021-09-30 23:42:36.121  INFO 25176 --- [    Test worker] t.c.s.AnnotationConfigContextLoaderUtils : Could not detect default configuration classes for test class [org.example.springboot.web.HelloControllerTest]: HelloControllerTest does not declare any static, non-private, non-final, nested classes annotated with @Configuration.
2021-09-30 23:42:36.395  INFO 25176 --- [    Test worker] .b.t.c.SpringBootTestContextBootstrapper : Found @SpringBootConfiguration org.example.springboot.Application for test class org.example.springboot.web.HelloControllerTest
2021-09-30 23:42:36.406  INFO 25176 --- [    Test worker] .b.t.a.w.s.WebMvcTestContextBootstrapper : Loaded default TestExecutionListener class names from location [META-INF/spring.factories]: [org.springframework.security.test.context.support.WithSecurityContextTestExecutionListener, org.springframework.security.test.context.support.ReactorContextTestExecutionListener, org.springframework.boot.test.autoconfigure.restdocs.RestDocsTestExecutionListener, org.springframework.boot.test.autoconfigure.web.client.MockRestServiceServerResetTestExecutionListener, org.springframework.boot.test.autoconfigure.web.servlet.MockMvcPrintOnlyOnFailureTestExecutionListener, org.springframework.boot.test.autoconfigure.web.servlet.WebDriverTestExecutionListener, org.springframework.boot.test.mock.mockito.MockitoTestExecutionListener, org.springframework.boot.test.mock.mockito.ResetMocksTestExecutionListener, org.springframework.test.context.web.ServletTestExecutionListener, org.springframework.test.context.support.DirtiesContextBeforeModesTestExecutionListener, org.springframework.test.context.support.DependencyInjectionTestExecutionListener, org.springframework.test.context.support.DirtiesContextTestExecutionListener, org.springframework.test.context.transaction.TransactionalTestExecutionListener, org.springframework.test.context.jdbc.SqlScriptsTestExecutionListener]
2021-09-30 23:42:36.443  INFO 25176 --- [    Test worker] .b.t.a.w.s.WebMvcTestContextBootstrapper : Using TestExecutionListeners: [org.springframework.test.context.web.ServletTestExecutionListener@2f9ecbbc, org.springframework.test.context.support.DirtiesContextBeforeModesTestExecutionListener@adf10a0, org.springframework.boot.test.mock.mockito.MockitoTestExecutionListener@4d4f42f1, org.springframework.boot.test.autoconfigure.SpringBootDependencyInjectionTestExecutionListener@6f92b95b, org.springframework.test.context.support.DirtiesContextTestExecutionListener@36885c3e, org.springframework.test.context.transaction.TransactionalTestExecutionListener@44a0005f, org.springframework.test.context.jdbc.SqlScriptsTestExecutionListener@734f8af0, org.springframework.security.test.context.support.WithSecurityContextTestExecutionListener@9edbda3, org.springframework.security.test.context.support.ReactorContextTestExecutionListener@7d70690c, org.springframework.boot.test.autoconfigure.restdocs.RestDocsTestExecutionListener@39163c05, org.springframework.boot.test.autoconfigure.web.client.MockRestServiceServerResetTestExecutionListener@360139dd, org.springframework.boot.test.autoconfigure.web.servlet.MockMvcPrintOnlyOnFailureTestExecutionListener@52e58a1b, org.springframework.boot.test.autoconfigure.web.servlet.WebDriverTestExecutionListener@2c23b142, org.springframework.boot.test.mock.mockito.ResetMocksTestExecutionListener@24dd46d7]

  .   ____          _            __ _ _
 /\\ / ___'_ __ _ _(_)_ __  __ _ \ \ \ \
( ( )\___ | '_ | '_| | '_ \/ _` | \ \ \ \
 \\/  ___)| |_)| | | | | || (_| |  ) ) ) )
  '  |____| .__|_| |_|_| |_\__, | / / / /
 =========|_|==============|___/=/_/_/_/
 :: Spring Boot ::        (v2.1.7.RELEASE)

2021-09-30 23:42:36.669  INFO 25176 --- [    Test worker] o.e.springboot.web.HelloControllerTest   : Starting HelloControllerTest on DESKTOP-GJ09IO2 with PID 25176 (started by Ingyu Bang in C:\Users\zerfr\IdeaProjects\SpringBoot_with_AWS)
2021-09-30 23:42:36.676  INFO 25176 --- [    Test worker] o.e.springboot.web.HelloControllerTest   : No active profile set, falling back to default profiles: default
2021-09-30 23:42:39.049  INFO 25176 --- [    Test worker] o.s.s.concurrent.ThreadPoolTaskExecutor  : Initializing ExecutorService 'applicationTaskExecutor'
2021-09-30 23:42:39.250  INFO 25176 --- [    Test worker] o.s.b.a.w.s.WelcomePageHandlerMapping    : Adding welcome page template: index
2021-09-30 23:42:40.185  INFO 25176 --- [    Test worker] .s.s.UserDetailsServiceAutoConfiguration : 

Using generated security password: 3b8a866e-b926-412e-abda-79f2e40a10ed

2021-09-30 23:42:40.719  INFO 25176 --- [    Test worker] o.s.s.web.DefaultSecurityFilterChain     : Creating filter chain: any request, [org.springframework.security.web.context.request.async.WebAsyncManagerIntegrationFilter@550b3ade, org.springframework.security.web.context.SecurityContextPersistenceFilter@2f8bb432, org.springframework.security.web.header.HeaderWriterFilter@70eb6c58, org.springframework.security.web.csrf.CsrfFilter@58fb6ab5, org.springframework.security.web.authentication.logout.LogoutFilter@7f4e8d4f, org.springframework.security.web.authentication.UsernamePasswordAuthenticationFilter@72b7116a, org.springframework.security.web.authentication.ui.DefaultLoginPageGeneratingFilter@4a66ffc1, org.springframework.security.web.authentication.ui.DefaultLogoutPageGeneratingFilter@6713b779, org.springframework.security.web.authentication.www.BasicAuthenticationFilter@4839a72f, org.springframework.security.web.savedrequest.RequestCacheAwareFilter@2230f6ed, org.springframework.security.web.servletapi.SecurityContextHolderAwareRequestFilter@912c75f, org.springframework.security.web.authentication.AnonymousAuthenticationFilter@6216746b, org.springframework.security.web.session.SessionManagementFilter@73461e32, org.springframework.security.web.access.ExceptionTranslationFilter@697c895f, org.springframework.security.web.access.intercept.FilterSecurityInterceptor@1c62195b]
2021-09-30 23:42:40.887  INFO 25176 --- [    Test worker] o.s.b.t.m.w.SpringBootMockServletContext : Initializing Spring TestDispatcherServlet ''
2021-09-30 23:42:40.888  INFO 25176 --- [    Test worker] o.s.t.web.servlet.TestDispatcherServlet  : Initializing Servlet ''
2021-09-30 23:42:41.220  INFO 25176 --- [    Test worker] o.s.t.web.servlet.TestDispatcherServlet  : Completed initialization in 332 ms
2021-09-30 23:42:41.397  INFO 25176 --- [    Test worker] o.e.springboot.web.HelloControllerTest   : Started HelloControllerTest in 4.944 seconds (JVM running for 52.967)
]]></system-out>
  <system-err><![CDATA[]]></system-err>
</testsuite>
